<?xml version="1.0" encoding="UTF-8"?>
<testng-results ignored="0" total="2" passed="2" failed="0" skipped="0">
  <reporter-output>
  </reporter-output>
  <suite started-at="2025-05-12T11:13:29 IST" name="AllTests" finished-at="2025-05-12T11:13:43 IST" duration-ms="14396">
    <groups>
    </groups>
    <test started-at="2025-05-12T11:13:29 IST" name="GoogleTest" finished-at="2025-05-12T11:13:43 IST" duration-ms="14396">
      <class name="tests.demoQA">
        <test-method is-config="true" signature="setUp()[pri:0, instance:tests.demoQA@2ed2d9cb]" started-at="2025-05-12T11:13:33 IST" name="setUp" finished-at="2025-05-12T11:13:34 IST" duration-ms="483" status="PASS">
          <reporter-output>
          </reporter-output>
        </test-method> <!-- setUp -->
        <test-method signature="testdemoQA()[pri:0, instance:tests.demoQA@2ed2d9cb]" started-at="2025-05-12T11:13:34 IST" name="testdemoQA" finished-at="2025-05-12T11:13:43 IST" duration-ms="9309" status="PASS">
          <reporter-output>
          </reporter-output>
        </test-method> <!-- testdemoQA -->
        <test-method is-config="true" signature="tearDown()[pri:0, instance:tests.demoQA@2ed2d9cb]" started-at="2025-05-12T11:13:43 IST" name="tearDown" finished-at="2025-05-12T11:13:43 IST" duration-ms="201" status="PASS">
          <reporter-output>
          </reporter-output>
        </test-method> <!-- tearDown -->
      </class> <!-- tests.demoQA -->
      <class name="tests.GoogleTest">
        <test-method is-config="true" signature="setUp()[pri:0, instance:tests.GoogleTest@306e95ec]" started-at="2025-05-12T11:13:29 IST" name="setUp" finished-at="2025-05-12T11:13:29 IST" duration-ms="856" status="PASS">
          <reporter-output>
          </reporter-output>
        </test-method> <!-- setUp -->
        <test-method signature="testGoogle()[pri:0, instance:tests.GoogleTest@306e95ec]" started-at="2025-05-12T11:13:29 IST" name="testGoogle" finished-at="2025-05-12T11:13:33 IST" duration-ms="3234" status="PASS">
          <reporter-output>
          </reporter-output>
        </test-method> <!-- testGoogle -->
        <test-method is-config="true" signature="tearDown()[pri:0, instance:tests.GoogleTest@306e95ec]" started-at="2025-05-12T11:13:33 IST" name="tearDown" finished-at="2025-05-12T11:13:33 IST" duration-ms="264" status="PASS">
          <reporter-output>
          </reporter-output>
        </test-method> <!-- tearDown -->
      </class> <!-- tests.GoogleTest -->
    </test> <!-- GoogleTest -->
  </suite> <!-- AllTests -->
</testng-results>
