<?xml version="1.0" encoding="UTF-8"?>
<testng-results ignored="0" total="1" passed="1" failed="0" skipped="0">
  <reporter-output>
  </reporter-output>
  <suite started-at="2025-05-03T14:47:53 IST" name="AllTests" finished-at="2025-05-03T14:47:58 IST" duration-ms="5096">
    <groups>
    </groups>
    <test started-at="2025-05-03T14:47:53 IST" name="GoogleTest" finished-at="2025-05-03T14:47:58 IST" duration-ms="5096">
      <class name="tests.GoogleTest">
        <test-method is-config="true" signature="setUp()[pri:0, instance:tests.GoogleTest@58d75e99]" started-at="2025-05-03T14:47:53 IST" name="setUp" finished-at="2025-05-03T14:47:54 IST" duration-ms="843" status="PASS">
          <reporter-output>
          </reporter-output>
        </test-method> <!-- setUp -->
        <test-method signature="testGoogleSearchTitle()[pri:0, instance:tests.GoogleTest@58d75e99]" started-at="2025-05-03T14:47:54 IST" name="testGoogleSearchTitle" finished-at="2025-05-03T14:47:58 IST" duration-ms="3940" status="PASS">
          <reporter-output>
          </reporter-output>
        </test-method> <!-- testGoogleSearchTitle -->
        <test-method is-config="true" signature="tearDown()[pri:0, instance:tests.GoogleTest@58d75e99]" started-at="2025-05-03T14:47:58 IST" name="tearDown" finished-at="2025-05-03T14:47:58 IST" duration-ms="253" status="PASS">
          <reporter-output>
          </reporter-output>
        </test-method> <!-- tearDown -->
      </class> <!-- tests.GoogleTest -->
    </test> <!-- GoogleTest -->
  </suite> <!-- AllTests -->
</testng-results>
