<?xml version="1.0" encoding="UTF-8"?>
<testng-results ignored="0" total="1" passed="1" failed="0" skipped="0">
  <reporter-output>
  </reporter-output>
  <suite started-at="2025-05-03T15:06:20 IST" name="Default suite" finished-at="2025-05-03T15:06:24 IST" duration-ms="3725">
    <groups>
    </groups>
    <test started-at="2025-05-03T15:06:20 IST" name="Default test" finished-at="2025-05-03T15:06:24 IST" duration-ms="3725">
      <class name="tests.GoogleTest">
        <test-method is-config="true" signature="setUp()[pri:0, instance:tests.GoogleTest@97e93f1]" started-at="2025-05-03T15:06:20 IST" name="setUp" finished-at="2025-05-03T15:06:21 IST" duration-ms="1026" status="PASS">
          <reporter-output>
          </reporter-output>
        </test-method> <!-- setUp -->
        <test-method signature="testGoogleSearchTitle()[pri:0, instance:tests.GoogleTest@97e93f1]" started-at="2025-05-03T15:06:21 IST" name="testGoogleSearchTitle" finished-at="2025-05-03T15:06:23 IST" duration-ms="2472" status="PASS">
          <reporter-output>
          </reporter-output>
        </test-method> <!-- testGoogleSearchTitle -->
        <test-method is-config="true" signature="tearDown()[pri:0, instance:tests.GoogleTest@97e93f1]" started-at="2025-05-03T15:06:23 IST" name="tearDown" finished-at="2025-05-03T15:06:24 IST" duration-ms="170" status="PASS">
          <reporter-output>
          </reporter-output>
        </test-method> <!-- tearDown -->
      </class> <!-- tests.GoogleTest -->
    </test> <!-- Default test -->
  </suite> <!-- Default suite -->
</testng-results>
